# JRE version: Java(TM) SE Runtime Environment (8.0_77-b03) (build 1.8.0_77-b03)
# Java VM: Java HotSpot(TM) 64-Bit Server VM (25.77-b03 mixed mode windows-amd64 compressed oops)
Heap:
 PSYoungGen      total 135680K, used 72567K [0x00000000d6400000, 0x00000000e7f00000, 0x0000000100000000)
  eden space 131072K, 51% used [0x00000000d6400000,0x00000000da665f48,0x00000000de400000)
  from space 4608K, 99% used [0x00000000de400000,0x00000000de878018,0x00000000de880000)
  to   space 13824K, 0% used [0x00000000e7180000,0x00000000e7180000,0x00000000e7f00000)
 ParOldGen       total 86016K, used 16683K [0x0000000082c00000, 0x0000000088000000, 0x00000000d6400000)
  object space 86016K, 19% used [0x0000000082c00000,0x0000000083c4af88,0x0000000088000000)
 Metaspace       used 16500K, capacity 16734K, committed 17024K, reserved 1064960K
  class space    used 1777K, capacity 1851K, committed 1920K, reserved 1048576K
GC Heap History (10 events):
Event: 0.647 GC heap before
{Heap before GC invocations=3 (full 0):
 PSYoungGen      total 37888K, used 35066K [0x00000000d6400000, 0x00000000dae00000, 0x0000000100000000)
  eden space 32768K, 100% used [0x00000000d6400000,0x00000000d8400000,0x00000000d8400000)
  from space 5120K, 44% used [0x00000000d8900000,0x00000000d8b3eb90,0x00000000d8e00000)
  to   space 5120K, 0% used [0x00000000d8400000,0x00000000d8400000,0x00000000d8900000)
 ParOldGen       total 86016K, used 16K [0x0000000082c00000, 0x0000000088000000, 0x00000000d6400000)
  object space 86016K, 0% used [0x0000000082c00000,0x0000000082c04000,0x0000000088000000)
 Metaspace       used 7795K, capacity 7912K, committed 8064K, reserved 1056768K
  class space    used 763K, capacity 788K, committed 896K, reserved 1048576K
Event: 0.649 GC heap after
Heap after GC invocations=3 (full 0):
 PSYoungGen      total 37888K, used 1584K [0x00000000d6400000, 0x00000000dae00000, 0x0000000100000000)
  eden space 32768K, 0% used [0x00000000d6400000,0x00000000d6400000,0x00000000d8400000)
  from space 5120K, 30% used [0x00000000d8400000,0x00000000d858c020,0x00000000d8900000)
  to   space 5120K, 0% used [0x00000000da900000,0x00000000da900000,0x00000000dae00000)
 ParOldGen       total 86016K, used 24K [0x0000000082c00000, 0x0000000088000000, 0x00000000d6400000)
  object space 86016K, 0% used [0x0000000082c00000,0x0000000082c06000,0x0000000088000000)
 Metaspace       used 7795K, capacity 7912K, committed 8064K, reserved 1056768K
  class space    used 763K, capacity 788K, committed 896K, reserved 1048576K
}
Event: 0.775 GC heap before
{Heap before GC invocations=4 (full 0):
 PSYoungGen      total 37888K, used 34352K [0x00000000d6400000, 0x00000000dae00000, 0x0000000100000000)
  eden space 32768K, 100% used [0x00000000d6400000,0x00000000d8400000,0x00000000d8400000)
  from space 5120K, 30% used [0x00000000d8400000,0x00000000d858c020,0x00000000d8900000)
  to   space 5120K, 0% used [0x00000000da900000,0x00000000da900000,0x00000000dae00000)
 ParOldGen       total 86016K, used 24K [0x0000000082c00000, 0x0000000088000000, 0x00000000d6400000)
  object space 86016K, 0% used [0x0000000082c00000,0x0000000082c06000,0x0000000088000000)
 Metaspace       used 8764K, capacity 8944K, committed 9216K, reserved 1056768K
  class space    used 852K, capacity 916K, committed 1024K, reserved 1048576K
Event: 0.779 GC heap after
Heap after GC invocations=4 (full 0):
 PSYoungGen      total 70656K, used 2326K [0x00000000d6400000, 0x00000000dae00000, 0x0000000100000000)
  eden space 65536K, 0% used [0x00000000d6400000,0x00000000d6400000,0x00000000da400000)
  from space 5120K, 45% used [0x00000000da900000,0x00000000dab45980,0x00000000dae00000)
  to   space 5120K, 0% used [0x00000000da400000,0x00000000da400000,0x00000000da900000)
 ParOldGen       total 86016K, used 32K [0x0000000082c00000, 0x0000000088000000, 0x00000000d6400000)
  object space 86016K, 0% used [0x0000000082c00000,0x0000000082c08000,0x0000000088000000)
 Metaspace       used 8764K, capacity 8944K, committed 9216K, reserved 1056768K
  class space    used 852K, capacity 916K, committed 1024K, reserved 1048576K
}
Event: 1.142 GC heap before
{Heap before GC invocations=5 (full 0):
 PSYoungGen      total 70656K, used 67862K [0x00000000d6400000, 0x00000000dae00000, 0x0000000100000000)
  eden space 65536K, 100% used [0x00000000d6400000,0x00000000da400000,0x00000000da400000)
  from space 5120K, 45% used [0x00000000da900000,0x00000000dab45980,0x00000000dae00000)
  to   space 5120K, 0% used [0x00000000da400000,0x00000000da400000,0x00000000da900000)
 ParOldGen       total 86016K, used 32K [0x0000000082c00000, 0x0000000088000000, 0x00000000d6400000)
  object space 86016K, 0% used [0x0000000082c00000,0x0000000082c08000,0x0000000088000000)
 Metaspace       used 13446K, capacity 13662K, committed 13952K, reserved 1062912K
  class space    used 1331K, capacity 1403K, committed 1408K, reserved 1048576K
Event: 1.148 GC heap after
Heap after GC invocations=5 (full 0):
 PSYoungGen      total 70656K, used 4736K [0x00000000d6400000, 0x00000000dee00000, 0x0000000100000000)
  eden space 65536K, 0% used [0x00000000d6400000,0x00000000d6400000,0x00000000da400000)
  from space 5120K, 92% used [0x00000000da400000,0x00000000da8a0140,0x00000000da900000)
  to   space 5120K, 0% used [0x00000000de900000,0x00000000de900000,0x00000000dee00000)
 ParOldGen       total 86016K, used 40K [0x0000000082c00000, 0x0000000088000000, 0x00000000d6400000)
  object space 86016K, 0% used [0x0000000082c00000,0x0000000082c0a000,0x0000000088000000)
 Metaspace       used 13446K, capacity 13662K, committed 13952K, reserved 1062912K
  class space    used 1331K, capacity 1403K, committed 1408K, reserved 1048576K
}
Event: 1.291 GC heap before
{Heap before GC invocations=6 (full 0):
 PSYoungGen      total 70656K, used 70272K [0x00000000d6400000, 0x00000000dee00000, 0x0000000100000000)
  eden space 65536K, 100% used [0x00000000d6400000,0x00000000da400000,0x00000000da400000)
  from space 5120K, 92% used [0x00000000da400000,0x00000000da8a0140,0x00000000da900000)
  to   space 5120K, 0% used [0x00000000de900000,0x00000000de900000,0x00000000dee00000)
 ParOldGen       total 86016K, used 40K [0x0000000082c00000, 0x0000000088000000, 0x00000000d6400000)
  object space 86016K, 0% used [0x0000000082c00000,0x0000000082c0a000,0x0000000088000000)
 Metaspace       used 14025K, capacity 14206K, committed 14592K, reserved 1062912K
  class space    used 1385K, capacity 1435K, committed 1536K, reserved 1048576K
Event: 1.295 GC heap after
Heap after GC invocations=6 (full 0):
 PSYoungGen      total 135168K, used 2658K [0x00000000d6400000, 0x00000000ded00000, 0x0000000100000000)
  eden space 131072K, 0% used [0x00000000d6400000,0x00000000d6400000,0x00000000de400000)
  from space 4096K, 64% used [0x00000000de900000,0x00000000deb989b8,0x00000000ded00000)
  to   space 4608K, 0% used [0x00000000de400000,0x00000000de400000,0x00000000de880000)
 ParOldGen       total 86016K, used 48K [0x0000000082c00000, 0x0000000088000000, 0x00000000d6400000)
  object space 86016K, 0% used [0x0000000082c00000,0x0000000082c0c000,0x0000000088000000)
 Metaspace       used 14025K, capacity 14206K, committed 14592K, reserved 1062912K
  class space    used 1385K, capacity 1435K, committed 1536K, reserved 1048576K
}
Event: 1.714 GC heap before
{Heap before GC invocations=7 (full 0):
 PSYoungGen      total 135168K, used 133730K [0x00000000d6400000, 0x00000000ded00000, 0x0000000100000000)
  eden space 131072K, 100% used [0x00000000d6400000,0x00000000de400000,0x00000000de400000)
  from space 4096K, 64% used [0x00000000de900000,0x00000000deb989b8,0x00000000ded00000)
  to   space 4608K, 0% used [0x00000000de400000,0x00000000de400000,0x00000000de880000)
 ParOldGen       total 86016K, used 48K [0x0000000082c00000, 0x0000000088000000, 0x00000000d6400000)
  object space 86016K, 0% used [0x0000000082c00000,0x0000000082c0c000,0x0000000088000000)
 Metaspace       used 16449K, capacity 16670K, committed 17024K, reserved 1064960K
  class space    used 1777K, capacity 1851K, committed 1920K, reserved 1048576K
Event: 1.743 GC heap after
Heap after GC invocations=7 (full 0):
 PSYoungGen      total 135680K, used 4576K [0x00000000d6400000, 0x00000000e7f00000, 0x0000000100000000)
  eden space 131072K, 0% used [0x00000000d6400000,0x00000000d6400000,0x00000000de400000)
  from space 4608K, 99% used [0x00000000de400000,0x00000000de878018,0x00000000de880000)
  to   space 13824K, 0% used [0x00000000e7180000,0x00000000e7180000,0x00000000e7f00000)
 ParOldGen       total 86016K, used 16683K [0x0000000082c00000, 0x0000000088000000, 0x00000000d6400000)
  object space 86016K, 19% used [0x0000000082c00000,0x0000000083c4af88,0x0000000088000000)
 Metaspace       used 16449K, capacity 16670K, committed 17024K, reserved 1064960K
  class space    used 1777K, capacity 1851K, committed 1920K, reserved 1048576K
}

